2017-08-14 17:52:37.974  INFO 12790 --- [main] com.avp.cdai.web.WebApplication          : Starting WebApplication v1.0-SNAPSHOT on app-ubuntu16-116 with PID 12790 (/home/scada/afc-ai-cd/afc-ai-web/afcai-web-1.0-SNAPSHOT.jar started by scada in /home/scada/afc-ai-cd/afc-ai-web)
2017-08-14 17:52:37.978 DEBUG 12790 --- [main] com.avp.cdai.web.WebApplication          : Running with Spring Boot v1.5.2.RELEASE, Spring v4.3.7.RELEASE
2017-08-14 17:52:37.978  INFO 12790 --- [main] com.avp.cdai.web.WebApplication          : No active profile set, falling back to default profiles: default
2017-08-14 17:52:38.173  INFO 12790 --- [main] ationConfigEmbeddedWebApplicationContext : Refreshing org.springframework.boot.context.embedded.AnnotationConfigEmbeddedWebApplicationContext@5b37e0d2: startup date [Mon Aug 14 17:52:38 CST 2017]; root of context hierarchy
2017-08-14 17:52:42.579  INFO 12790 --- [main] trationDelegate$BeanPostProcessorChecker : Bean 'org.springframework.transaction.annotation.ProxyTransactionManagementConfiguration' of type [org.springframework.transaction.annotation.ProxyTransactionManagementConfiguration$$EnhancerBySpringCGLIB$$fe7fa66c] is not eligible for getting processed by all BeanPostProcessors (for example: not eligible for auto-proxying)
2017-08-14 17:52:43.664  INFO 12790 --- [main] s.b.c.e.t.TomcatEmbeddedServletContainer : Tomcat initialized with port(s): 4060 (http)
2017-08-14 17:52:43.702  INFO 12790 --- [main] o.apache.catalina.core.StandardService   : Starting service Tomcat
2017-08-14 17:52:43.703  INFO 12790 --- [main] org.apache.catalina.core.StandardEngine  : Starting Servlet Engine: Apache Tomcat/8.5.11
2017-08-14 17:52:44.068  INFO 12790 --- [localhost-startStop-1] o.a.c.c.C.[Tomcat].[localhost].[/]       : Initializing Spring embedded WebApplicationContext
2017-08-14 17:52:44.068  INFO 12790 --- [localhost-startStop-1] o.s.web.context.ContextLoader            : Root WebApplicationContext: initialization completed in 5898 ms
2017-08-14 17:52:44.319  INFO 12790 --- [localhost-startStop-1] o.s.b.w.servlet.ServletRegistrationBean  : Mapping servlet: 'dispatcherServlet' to [/]
2017-08-14 17:52:44.340  INFO 12790 --- [localhost-startStop-1] o.s.b.w.servlet.FilterRegistrationBean   : Mapping filter: 'corsFilter' to: [/*]
2017-08-14 17:52:44.352  INFO 12790 --- [localhost-startStop-1] o.s.b.w.servlet.FilterRegistrationBean   : Mapping filter: 'characterEncodingFilter' to: [/*]
2017-08-14 17:52:44.352  INFO 12790 --- [localhost-startStop-1] o.s.b.w.servlet.FilterRegistrationBean   : Mapping filter: 'hiddenHttpMethodFilter' to: [/*]
2017-08-14 17:52:44.352  INFO 12790 --- [localhost-startStop-1] o.s.b.w.servlet.FilterRegistrationBean   : Mapping filter: 'httpPutFormContentFilter' to: [/*]
2017-08-14 17:52:44.353  INFO 12790 --- [localhost-startStop-1] o.s.b.w.servlet.FilterRegistrationBean   : Mapping filter: 'requestContextFilter' to: [/*]
2017-08-14 17:52:46.718  INFO 12790 --- [main] j.LocalContainerEntityManagerFactoryBean : Building JPA container EntityManagerFactory for persistence unit 'default'
2017-08-14 17:52:46.806  INFO 12790 --- [main] o.hibernate.jpa.internal.util.LogHelper  : HHH000204: Processing PersistenceUnitInfo [
	name: default
	...]
2017-08-14 17:52:46.995  INFO 12790 --- [main] org.hibernate.Version                    : HHH000412: Hibernate Core {5.0.12.Final}
2017-08-14 17:52:46.997  INFO 12790 --- [main] org.hibernate.cfg.Environment            : HHH000206: hibernate.properties not found
2017-08-14 17:52:46.999  INFO 12790 --- [main] org.hibernate.cfg.Environment            : HHH000021: Bytecode provider name : javassist
2017-08-14 17:52:47.209  INFO 12790 --- [main] o.hibernate.annotations.common.Version   : HCANN000001: Hibernate Commons Annotations {5.0.1.Final}
2017-08-14 17:52:49.562  INFO 12790 --- [main] org.hibernate.dialect.Dialect            : HHH000400: Using dialect: org.hibernate.dialect.PostgreSQLDialect
2017-08-14 17:52:49.806  INFO 12790 --- [main] o.h.e.j.e.i.LobCreatorBuilderImpl        : HHH000424: Disabling contextual LOB creation as createClob() method threw error : java.lang.reflect.InvocationTargetException
2017-08-14 17:52:49.808  INFO 12790 --- [main] org.hibernate.type.BasicTypeRegistry     : HHH000270: Type registration [java.util.UUID] overrides previous : org.hibernate.type.UUIDBinaryType@192f2f27
2017-08-14 17:52:50.283  INFO 12790 --- [main] j.LocalContainerEntityManagerFactoryBean : Initialized JPA EntityManagerFactory for persistence unit 'default'
2017-08-14 17:52:51.958  INFO 12790 --- [main] s.w.s.m.m.a.RequestMappingHandlerAdapter : Looking for @ControllerAdvice: org.springframework.boot.context.embedded.AnnotationConfigEmbeddedWebApplicationContext@5b37e0d2: startup date [Mon Aug 14 17:52:38 CST 2017]; root of context hierarchy
2017-08-14 17:52:52.252  INFO 12790 --- [main] s.w.s.m.m.a.RequestMappingHandlerMapping : Mapped "{[/lineSumByConditions],methods=[GET]}" onto org.springframework.http.ResponseEntity<com.avp.cdai.web.rest.RestBody<com.avp.cdai.web.entity.LineCumulativeFlow>> com.avp.cdai.web.controller.LineCumulativeFlowController.findByConditions(java.util.List<java.lang.Integer>,java.lang.Integer,java.lang.Integer,java.util.Date)
2017-08-14 17:52:52.253  INFO 12790 --- [main] s.w.s.m.m.a.RequestMappingHandlerMapping : Mapped "{[/lineCumulativeFlow],methods=[GET]}" onto org.springframework.http.ResponseEntity<com.avp.cdai.web.rest.RestBody<com.avp.cdai.web.entity.LineCumulativeFlow>> com.avp.cdai.web.controller.LineCumulativeFlowController.findAll()
2017-08-14 17:52:52.254  INFO 12790 --- [main] s.w.s.m.m.a.RequestMappingHandlerMapping : Mapped "{[/findByConditions],methods=[GET]}" onto org.springframework.http.ResponseEntity<com.avp.cdai.web.rest.RestBody<com.avp.cdai.web.entity.LineTimeShareFlow>> com.avp.cdai.web.controller.LineTimeShareFlowController.findByConditions(java.util.List<java.lang.Integer>,java.lang.Integer,java.lang.Integer,java.util.Date)
2017-08-14 17:52:52.254  INFO 12790 --- [main] s.w.s.m.m.a.RequestMappingHandlerMapping : Mapped "{[/lineShareFlow],methods=[GET]}" onto org.springframework.http.ResponseEntity<com.avp.cdai.web.rest.RestBody<com.avp.cdai.web.entity.LineTimeShareFlow>> com.avp.cdai.web.controller.LineTimeShareFlowController.findAll()
2017-08-14 17:52:52.255  INFO 12790 --- [main] s.w.s.m.m.a.RequestMappingHandlerMapping : Mapped "{[/lines/findByName],methods=[GET]}" onto org.springframework.http.ResponseEntity<com.avp.cdai.web.rest.RestBody<com.avp.cdai.web.entity.ObjLine>> com.avp.cdai.web.controller.ObjLineController.findByName(java.lang.String)
2017-08-14 17:52:52.255  INFO 12790 --- [main] s.w.s.m.m.a.RequestMappingHandlerMapping : Mapped "{[/lines/{id}],methods=[GET]}" onto org.springframework.http.ResponseEntity<com.avp.cdai.web.rest.RestBody<com.avp.cdai.web.entity.ObjLine>> com.avp.cdai.web.controller.ObjLineController.findById(java.lang.Integer)
2017-08-14 17:52:52.255  INFO 12790 --- [main] s.w.s.m.m.a.RequestMappingHandlerMapping : Mapped "{[/lines],methods=[GET]}" onto org.springframework.http.ResponseEntity<com.avp.cdai.web.rest.RestBody<com.avp.cdai.web.entity.ObjLine>> com.avp.cdai.web.controller.ObjLineController.findAll()
2017-08-14 17:52:52.256  INFO 12790 --- [main] s.w.s.m.m.a.RequestMappingHandlerMapping : Mapped "{[/stations/findbyname],methods=[POST]}" onto org.springframework.http.ResponseEntity<com.avp.cdai.web.rest.RestBody<com.avp.cdai.web.entity.ObjStation>> com.avp.cdai.web.controller.ObjStationController.findByName(java.lang.String)
2017-08-14 17:52:52.256  INFO 12790 --- [main] s.w.s.m.m.a.RequestMappingHandlerMapping : Mapped "{[/stations/{id}/lines/{lineId}],methods=[GET]}" onto org.springframework.http.ResponseEntity<com.avp.cdai.web.rest.RestBody<com.avp.cdai.web.entity.ObjStation>> com.avp.cdai.web.controller.ObjStationController.findById(java.lang.Integer,java.lang.Integer)
2017-08-14 17:52:52.256  INFO 12790 --- [main] s.w.s.m.m.a.RequestMappingHandlerMapping : Mapped "{[/stations],methods=[GET]}" onto org.springframework.http.ResponseEntity<com.avp.cdai.web.rest.RestBody<com.avp.cdai.web.entity.ObjStation>> com.avp.cdai.web.controller.ObjStationController.findAll()
2017-08-14 17:52:52.257  INFO 12790 --- [main] s.w.s.m.m.a.RequestMappingHandlerMapping : Mapped "{[],methods=[GET]}" onto org.springframework.http.ResponseEntity<com.avp.cdai.web.rest.RestBody<com.avp.cdai.web.entity.StationShareFlow>> com.avp.cdai.web.controller.StationShareFlowController.findAll()
2017-08-14 17:52:52.257  INFO 12790 --- [main] s.w.s.m.m.a.RequestMappingHandlerMapping : Mapped "{[/test],methods=[GET]}" onto org.springframework.http.ResponseEntity<com.avp.cdai.web.rest.RestBody<com.avp.cdai.web.entity.TestEntityBase>> com.avp.cdai.web.controller.TestEntityBaseController.findAll()
2017-08-14 17:52:52.260  INFO 12790 --- [main] s.w.s.m.m.a.RequestMappingHandlerMapping : Mapped "{[/error],produces=[text/html]}" onto public org.springframework.web.servlet.ModelAndView org.springframework.boot.autoconfigure.web.BasicErrorController.errorHtml(javax.servlet.http.HttpServletRequest,javax.servlet.http.HttpServletResponse)
2017-08-14 17:52:52.261  INFO 12790 --- [main] s.w.s.m.m.a.RequestMappingHandlerMapping : Mapped "{[/error]}" onto public org.springframework.http.ResponseEntity<java.util.Map<java.lang.String, java.lang.Object>> org.springframework.boot.autoconfigure.web.BasicErrorController.error(javax.servlet.http.HttpServletRequest)
2017-08-14 17:52:52.282  INFO 12790 --- [main] o.s.w.s.handler.SimpleUrlHandlerMapping  : Mapped URL path [/index.html] onto handler of type [class org.springframework.web.servlet.mvc.ParameterizableViewController]
2017-08-14 17:52:52.319  INFO 12790 --- [main] o.s.w.s.handler.SimpleUrlHandlerMapping  : Mapped URL path [/webjars/**] onto handler of type [class org.springframework.web.servlet.resource.ResourceHttpRequestHandler]
2017-08-14 17:52:52.319  INFO 12790 --- [main] o.s.w.s.handler.SimpleUrlHandlerMapping  : Mapped URL path [/**] onto handler of type [class org.springframework.web.servlet.resource.ResourceHttpRequestHandler]
2017-08-14 17:52:52.466  INFO 12790 --- [main] o.s.w.s.handler.SimpleUrlHandlerMapping  : Mapped URL path [/**/favicon.ico] onto handler of type [class org.springframework.web.servlet.resource.ResourceHttpRequestHandler]
2017-08-14 17:52:54.020  INFO 12790 --- [main] oConfiguration$WelcomePageHandlerMapping : Adding welcome page: class path resource [static/index.html]
2017-08-14 17:52:54.352  INFO 12790 --- [main] o.s.j.e.a.AnnotationMBeanExporter        : Registering beans for JMX exposure on startup
2017-08-14 17:52:54.547  INFO 12790 --- [main] s.b.c.e.t.TomcatEmbeddedServletContainer : Tomcat started on port(s): 4060 (http)
2017-08-14 17:52:54.559  INFO 12790 --- [main] com.avp.cdai.web.WebApplication          : Started WebApplication in 16.985 seconds (JVM running for 17.266)
2017-08-14 17:53:42.208  INFO 12790 --- [http-nio-4060-exec-1] o.a.c.c.C.[Tomcat].[localhost].[/]       : Initializing Spring FrameworkServlet 'dispatcherServlet'
2017-08-14 17:53:42.209  INFO 12790 --- [http-nio-4060-exec-1] o.s.web.servlet.DispatcherServlet        : FrameworkServlet 'dispatcherServlet': initialization started
2017-08-14 17:53:42.216  INFO 12790 --- [http-nio-4060-exec-1] o.s.web.servlet.DispatcherServlet        : FrameworkServlet 'dispatcherServlet': initialization completed in 7 ms
2017-08-14 17:53:42.361  INFO 12790 --- [http-nio-4060-exec-1] o.h.h.i.QueryTranslatorFactoryInitiator  : HHH000397: Using ASTQueryTranslatorFactory
2017-08-14 17:53:42.508  WARN 12790 --- [http-nio-4060-exec-1] o.h.engine.jdbc.spi.SqlExceptionHelper   : SQL Error: 0, SQLState: 42703
2017-08-14 17:53:42.508 ERROR 12790 --- [http-nio-4060-exec-1] o.h.engine.jdbc.spi.SqlExceptionHelper   : ERROR: column objline0_.insert_time does not exist
  Position: 32
2017-08-14 17:53:42.515 ERROR 12790 --- [http-nio-4060-exec-1] c.a.c.web.controller.ObjLineController   : could not extract ResultSet; SQL [n/a]; nested exception is org.hibernate.exception.SQLGrammarException: could not extract ResultSet
